<?xml version="1.0" encoding="UTF-8"?>
<testsuite xmlns:xsi="http://www.w3.org/2001/XMLSchema-instance" xsi:noNamespaceSchemaLocation="https://maven.apache.org/surefire/maven-surefire-plugin/xsd/surefire-test-report-3.0.xsd" version="3.0" name="TestSuite" time="8.49" tests="3" errors="0" skipped="0" failures="0">
  <properties>
[...]
</properties>
  <testcase name="DataDrivenTestingUsingJson[{firstname=api testing by, lastname=testers talk}](1)" classname="com.testautomation.apitesting.tests.DataDrivenTestingUsingJsonFile" time="3.785">
    <system-out><![CDATA[{
    "bookingid": 3549,
    "booking": {
        "firstname": "api testing by",
        "lastname": "testers talk",
        "totalprice": 1000,
        "depositpaid": true,
        "bookingdates": {
            "checkin": "2023-03-25",
            "checkout": "2023-03-30"
        },
        "additionalneeds": "breakfast"
    }
}
2023-07-05T13:59:22,034 [main] INFO  (RestAssuredListener.java:23) - ------------------------------------------------------------------------------------
         URI    : https://restful-booker.herokuapp.com/booking
         Method : POST
------------------------------------------------------------------------------------
Request :   
{
  "firstname" : "api testing by",
  "lastname" : "testers talk",
  "additionalneeds" : "breakfast",
  "totalprice" : 1000,
  "depositpaid" : true,
  "bookingdates" : {
    "checkin" : "2023-03-25",
    "checkout" : "2023-03-30"
  }
}
 Response :  
{
    "bookingid": 3549,
    "booking": {
        "firstname": "api testing by",
        "lastname": "testers talk",
        "totalprice": 1000,
        "depositpaid": true,
        "bookingdates": {
            "checkin": "2023-03-25",
            "checkout": "2023-03-30"
        },
        "additionalneeds": "breakfast"
    }
}
]]></system-out>
  </testcase>
  <testcase name="DataDrivenTestingUsingJson[{firstname=rest assured by, lastname=testers talk}](2)" classname="com.testautomation.apitesting.tests.DataDrivenTestingUsingJsonFile" time="1.12">
    <system-out><![CDATA[{
    "bookingid": 3560,
    "booking": {
        "firstname": "rest assured by",
        "lastname": "testers talk",
        "totalprice": 1000,
        "depositpaid": true,
        "bookingdates": {
            "checkin": "2023-03-25",
            "checkout": "2023-03-30"
        },
        "additionalneeds": "breakfast"
    }
}
2023-07-05T13:59:23,295 [main] INFO  (RestAssuredListener.java:23) - ------------------------------------------------------------------------------------
         URI    : https://restful-booker.herokuapp.com/booking
         Method : POST
------------------------------------------------------------------------------------
Request :   
{
  "firstname" : "rest assured by",
  "lastname" : "testers talk",
  "additionalneeds" : "breakfast",
  "totalprice" : 1000,
  "depositpaid" : true,
  "bookingdates" : {
    "checkin" : "2023-03-25",
    "checkout" : "2023-03-30"
  }
}
 Response :  
{
    "bookingid": 3560,
    "booking": {
        "firstname": "rest assured by",
        "lastname": "testers talk",
        "totalprice": 1000,
        "depositpaid": true,
        "bookingdates": {
            "checkin": "2023-03-25",
            "checkout": "2023-03-30"
        },
        "additionalneeds": "breakfast"
    }
}
]]></system-out>
  </testcase>
  <testcase name="DataDrivenTestingUsingJson[{firstname=postman by, lastname=testers talk}](3)" classname="com.testautomation.apitesting.tests.DataDrivenTestingUsingJsonFile" time="1.193">
    <system-out><![CDATA[{
    "bookingid": 3571,
    "booking": {
        "firstname": "postman by",
        "lastname": "testers talk",
        "totalprice": 1000,
        "depositpaid": true,
        "bookingdates": {
            "checkin": "2023-03-25",
            "checkout": "2023-03-30"
        },
        "additionalneeds": "breakfast"
    }
}
2023-07-05T13:59:24,487 [main] INFO  (RestAssuredListener.java:23) - ------------------------------------------------------------------------------------
         URI    : https://restful-booker.herokuapp.com/booking
         Method : POST
------------------------------------------------------------------------------------
Request :   
{
  "firstname" : "postman by",
  "lastname" : "testers talk",
  "additionalneeds" : "breakfast",
  "totalprice" : 1000,
  "depositpaid" : true,
  "bookingdates" : {
    "checkin" : "2023-03-25",
    "checkout" : "2023-03-30"
  }
}
 Response :  
{
    "bookingid": 3571,
    "booking": {
        "firstname": "postman by",
        "lastname": "testers talk",
        "totalprice": 1000,
        "depositpaid": true,
        "bookingdates": {
            "checkin": "2023-03-25",
            "checkout": "2023-03-30"
        },
        "additionalneeds": "breakfast"
    }
}
]]></system-out>
  </testcase>
</testsuite>